This is pdfTeX, Version 3.141592653-2.6-1.40.25 (MiKTeX 23.5) (preloaded format=pdflatex 2023.9.24)  26 SEP 2023 03:12
entering extended mode
 restricted \write18 enabled.
 %&-line parsing enabled.
**/home/tanush/Programming/Projects/rescon/rescon/templates/tex/1695712251.8136
45.tex

(/home/tanush/Programming/Projects/rescon/rescon/templates/tex/1695712251.81364
5.tex
LaTeX2e <2023-06-01> patch level 1
L3 programming layer <2023-08-29>

! LaTeX Error: File `resume.cls' not found.

Type X to quit or <RETURN> to proceed,
or enter new name. (Default extension: cls)

Enter file name: 
! Emergency stop.
<read *> 
         
l.2 ^^M
       
*** (cannot \read from terminal in nonstop modes)

 
Here is how much of TeX's memory you used:
 23 strings out of 475249
 648 string characters out of 5762093
 1917791 words of memory out of 5000000
 21647 multiletter control sequences out of 15000+600000
 558069 words of font info for 36 fonts, out of 8000000 for 9000
 1141 hyphenation exceptions out of 8191
 19i,0n,29p,171b,17s stack positions out of 10000i,1000n,20000p,200000b,200000s
!  ==> Fatal error occurred, no output PDF file produced!
